{"C:\\Users\\tuna\\Desktop\\project\\deneme\\src\\App.js": {"path":"C:\\Users\\tuna\\Desktop\\project\\deneme\\src\\App.js","statementMap":{"0":{"start":{"line":6,"column":12},"end":{"line":32,"column":1}},"1":{"start":{"line":8,"column":27},"end":{"line":8,"column":39}},"2":{"start":{"line":9,"column":26},"end":{"line":9,"column":38}},"3":{"start":{"line":10,"column":25},"end":{"line":10,"column":56}},"4":{"start":{"line":10,"column":37},"end":{"line":10,"column":56}},"5":{"start":{"line":13,"column":4},"end":{"line":15,"column":5}},"6":{"start":{"line":14,"column":6},"end":{"line":14,"column":13}},"7":{"start":{"line":16,"column":4},"end":{"line":16,"column":30}},"8":{"start":{"line":19,"column":2},"end":{"line":31,"column":4}},"9":{"start":{"line":23,"column":30},"end":{"line":23,"column":42}},"10":{"start":{"line":37,"column":15},"end":{"line":47,"column":2}}},"fnMap":{"0":{"name":"(anonymous_0)","decl":{"start":{"line":6,"column":12},"end":{"line":6,"column":13}},"loc":{"start":{"line":6,"column":18},"end":{"line":32,"column":1}},"line":6},"1":{"name":"(anonymous_1)","decl":{"start":{"line":10,"column":25},"end":{"line":10,"column":26}},"loc":{"start":{"line":10,"column":37},"end":{"line":10,"column":56}},"line":10},"2":{"name":"addToList","decl":{"start":{"line":12,"column":11},"end":{"line":12,"column":20}},"loc":{"start":{"line":12,"column":23},"end":{"line":17,"column":3}},"line":12},"3":{"name":"(anonymous_3)","decl":{"start":{"line":23,"column":20},"end":{"line":23,"column":21}},"loc":{"start":{"line":23,"column":30},"end":{"line":23,"column":42}},"line":23}},"branchMap":{"0":{"loc":{"start":{"line":13,"column":4},"end":{"line":15,"column":5}},"type":"if","locations":[{"start":{"line":13,"column":4},"end":{"line":15,"column":5}},{"start":{"line":13,"column":4},"end":{"line":15,"column":5}}],"line":13}},"s":{"0":1,"1":10,"2":10,"3":10,"4":7,"5":5,"6":1,"7":4,"8":10,"9":13,"10":1},"f":{"0":10,"1":7,"2":5,"3":13},"b":{"0":[1,4]},"_coverageSchema":"1a1c01bbd47fc00a2c39e90264f33305004495a9","hash":"0c41ea00fa6c7259fa905e5d16f63cc8f3049ed3"}
,"C:\\Users\\tuna\\Desktop\\project\\deneme\\src\\components\\Button\\Button.js": {"path":"C:\\Users\\tuna\\Desktop\\project\\deneme\\src\\components\\Button\\Button.js","statementMap":{"0":{"start":{"line":6,"column":15},"end":{"line":12,"column":1}},"1":{"start":{"line":7,"column":4},"end":{"line":11,"column":6}}},"fnMap":{"0":{"name":"(anonymous_0)","decl":{"start":{"line":6,"column":15},"end":{"line":6,"column":16}},"loc":{"start":{"line":6,"column":54},"end":{"line":12,"column":1}},"line":6}},"branchMap":{"0":{"loc":{"start":{"line":6,"column":33},"end":{"line":6,"column":48}},"type":"default-arg","locations":[{"start":{"line":6,"column":39},"end":{"line":6,"column":48}}],"line":6}},"s":{"0":2,"1":15},"f":{"0":15},"b":{"0":[14]},"_coverageSchema":"1a1c01bbd47fc00a2c39e90264f33305004495a9","hash":"b71809e41b8362c000078c5d2052a042f00ba563"}
,"C:\\Users\\tuna\\Desktop\\project\\deneme\\src\\components\\Button\\Button.style.js": {"path":"C:\\Users\\tuna\\Desktop\\project\\deneme\\src\\components\\Button\\Button.style.js","statementMap":{},"fnMap":{},"branchMap":{},"s":{},"f":{},"b":{},"_coverageSchema":"1a1c01bbd47fc00a2c39e90264f33305004495a9","hash":"f8941c5d251100394182a894262644fd37e1df73"}
,"C:\\Users\\tuna\\Desktop\\project\\deneme\\src\\components\\Button\\index.js": {"path":"C:\\Users\\tuna\\Desktop\\project\\deneme\\src\\components\\Button\\index.js","statementMap":{},"fnMap":{},"branchMap":{},"s":{},"f":{},"b":{},"_coverageSchema":"1a1c01bbd47fc00a2c39e90264f33305004495a9","hash":"89ed695140d04a1b00f7517e90589f995d198f86"}
}
