TN:
SF:src\App.js
FN:6,(anonymous_0)
FN:10,(anonymous_1)
FN:12,addToList
FN:23,(anonymous_3)
FNF:4
FNH:4
FNDA:10,(anonymous_0)
FNDA:7,(anonymous_1)
FNDA:5,addToList
FNDA:13,(anonymous_3)
DA:6,1
DA:8,10
DA:9,10
DA:10,10
DA:13,5
DA:14,1
DA:16,4
DA:19,10
DA:23,13
DA:37,1
LF:10
LH:10
BRDA:13,0,0,1
BRDA:13,0,1,4
BRF:2
BRH:2
end_of_record
TN:
SF:src\components\Button\Button.js
FN:6,(anonymous_0)
FNF:1
FNH:1
FNDA:15,(anonymous_0)
DA:6,2
DA:7,15
LF:2
LH:2
BRDA:6,0,0,14
BRF:1
BRH:1
end_of_record
TN:
SF:src\components\Button\Button.style.js
FNF:0
FNH:0
LF:0
LH:0
BRF:0
BRH:0
end_of_record
TN:
SF:src\components\Button\index.js
FNF:0
FNH:0
LF:0
LH:0
BRF:0
BRH:0
end_of_record
